

Building a new DB, current time: 05/08/2024 12:16:50
New DB name:   /mnt/c/Users/User/Documents/GitHub/EuSatXplor/input.fasta
New DB title:  ./input.fasta
Sequence type: Nucleotide
Keep MBits: T
Maximum file size: 1000000000B
Adding sequences from FASTA; added 244 sequences in 6.23806 seconds.


Namespace(sat_path='./sats.fasta', genome_path='./input.fasta')
removing databse file:././input.fasta.ndb
removing databse file:././input.fasta.nhr
removing databse file:././input.fasta.nin
removing databse file:././input.fasta.not
removing databse file:././input.fasta.nsq
removing databse file:././input.fasta.ntf
removing databse file:././input.fasta.nto
shape: (74, 11)
┌───────────┬───────────┬───────────┬───────────┬───┬───────────┬───────────┬───────────┬──────────┐
│ query     ┆ perc_id_m ┆ perc_id_c ┆ perc_id_m ┆ … ┆ aln_len_c ┆ aln_len_m ┆ aln_len_1 ┆ aln_len_ │
│ ---       ┆ ean       ┆ ount      ┆ edian     ┆   ┆ ount      ┆ edian     ┆ q         ┆ 3q       │
│ str       ┆ ---       ┆ ---       ┆ ---       ┆   ┆ ---       ┆ ---       ┆ ---       ┆ ---      │
│           ┆ f64       ┆ u32       ┆ f64       ┆   ┆ u32       ┆ f64       ┆ f64       ┆ f64      │
╞═══════════╪═══════════╪═══════════╪═══════════╪═══╪═══════════╪═══════════╪═══════════╪══════════╡
│ MelSat12- ┆ 96.941716 ┆ 1167      ┆ 97.297    ┆ … ┆ 1167      ┆ 100.0     ┆ 94.594595 ┆ 100.0    │
│ 74        ┆           ┆           ┆           ┆   ┆           ┆           ┆           ┆          │
│ MelSat75- ┆ 99.308704 ┆ 335       ┆ 100.0     ┆ … ┆ 335       ┆ 100.0     ┆ 100.0     ┆ 100.0    │
│ 137       ┆           ┆           ┆           ┆   ┆           ┆           ┆           ┆          │
│ MelSat76- ┆ 94.234071 ┆ 282       ┆ 90.854    ┆ … ┆ 282       ┆ 96.470588 ┆ 96.470588 ┆ 100.0    │
│ 170       ┆           ┆           ┆           ┆   ┆           ┆           ┆           ┆          │
│ MelSat15- ┆ 97.741543 ┆ 775       ┆ 98.137    ┆ … ┆ 775       ┆ 100.0     ┆ 99.382716 ┆ 100.0    │
│ 162       ┆           ┆           ┆           ┆   ┆           ┆           ┆           ┆          │
│ MelSat17- ┆ 93.351297 ┆ 323       ┆ 93.805    ┆ … ┆ 323       ┆ 96.995708 ┆ 95.27897  ┆ 96.99570 │
│ 233       ┆           ┆           ┆           ┆   ┆           ┆           ┆           ┆ 8        │
│ MelSat68- ┆ 98.891729 ┆ 314       ┆ 98.844    ┆ … ┆ 314       ┆ 100.0     ┆ 100.0     ┆ 100.0    │
│ 173       ┆           ┆           ┆           ┆   ┆           ┆           ┆           ┆          │
│ MelSat24- ┆ 98.075406 ┆ 340       ┆ 99.038    ┆ … ┆ 340       ┆ 100.0     ┆ 100.0     ┆ 100.0    │
│ 104       ┆           ┆           ┆           ┆   ┆           ┆           ┆           ┆          │
│ MelSat11- ┆ 96.042327 ┆ 1975      ┆ 93.976    ┆ … ┆ 1975      ┆ 100.0     ┆ 98.795181 ┆ 100.0    │
│ 83        ┆           ┆           ┆           ┆   ┆           ┆           ┆           ┆          │
│ MelSat41- ┆ 99.295681 ┆ 1066      ┆ 99.429    ┆ … ┆ 1066      ┆ 100.0     ┆ 100.0     ┆ 100.0    │
│ 175       ┆           ┆           ┆           ┆   ┆           ┆           ┆           ┆          │
│ MelSat53- ┆ 96.561894 ┆ 1889      ┆ 96.471    ┆ … ┆ 1889      ┆ 100.0     ┆ 100.0     ┆ 100.0    │
│ 85        ┆           ┆           ┆           ┆   ┆           ┆           ┆           ┆          │
│ MelSat40- ┆ 99.357381 ┆ 270       ┆ 100.0     ┆ … ┆ 270       ┆ 100.0     ┆ 100.0     ┆ 100.0    │
│ 184       ┆           ┆           ┆           ┆   ┆           ┆           ┆           ┆          │
│ MelSat70- ┆ 98.244342 ┆ 3503      ┆ 98.795    ┆ … ┆ 3503      ┆ 100.0     ┆ 100.0     ┆ 100.0    │
│ 83        ┆           ┆           ┆           ┆   ┆           ┆           ┆           ┆          │
│ MelSat61- ┆ 97.20856  ┆ 1057      ┆ 97.661    ┆ … ┆ 1057      ┆ 100.0     ┆ 100.0     ┆ 100.0    │
│ 172       ┆           ┆           ┆           ┆   ┆           ┆           ┆           ┆          │
│ MelSat18- ┆ 99.182322 ┆ 727       ┆ 100.0     ┆ … ┆ 727       ┆ 100.0     ┆ 100.0     ┆ 100.0    │
│ 88        ┆           ┆           ┆           ┆   ┆           ┆           ┆           ┆          │
│ MelSat05- ┆ 95.393807 ┆ 2342      ┆ 95.628    ┆ … ┆ 2342      ┆ 100.0     ┆ 100.0     ┆ 100.0    │
│ 183       ┆           ┆           ┆           ┆   ┆           ┆           ┆           ┆          │
│ MelSat60- ┆ 95.242783 ┆ 5658      ┆ 94.8625   ┆ … ┆ 5658      ┆ 100.0     ┆ 100.0     ┆ 100.0    │
│ 172       ┆           ┆           ┆           ┆   ┆           ┆           ┆           ┆          │
│ MelSat14- ┆ 97.293269 ┆ 1655      ┆ 97.895    ┆ … ┆ 1655      ┆ 100.0     ┆ 100.0     ┆ 100.0    │
│ 95        ┆           ┆           ┆           ┆   ┆           ┆           ┆           ┆          │
│ MelSat48- ┆ 99.809074 ┆ 272       ┆ 100.0     ┆ … ┆ 272       ┆ 100.0     ┆ 100.0     ┆ 100.0    │
│ 90        ┆           ┆           ┆           ┆   ┆           ┆           ┆           ┆          │
│ MelSat49- ┆ 98.134198 ┆ 329       ┆ 98.058    ┆ … ┆ 329       ┆ 100.0     ┆ 100.0     ┆ 100.0    │
│ 103       ┆           ┆           ┆           ┆   ┆           ┆           ┆           ┆          │
│ MelSat07- ┆ 96.733381 ┆ 2862      ┆ 97.5      ┆ … ┆ 2862      ┆ 100.0     ┆ 100.0     ┆ 100.0    │
│ 80        ┆           ┆           ┆           ┆   ┆           ┆           ┆           ┆          │
│ MelSat80- ┆ 99.036482 ┆ 1196      ┆ 98.246    ┆ … ┆ 1196      ┆ 100.0     ┆ 100.0     ┆ 100.0    │
│ 57        ┆           ┆           ┆           ┆   ┆           ┆           ┆           ┆          │
│ MelSat62- ┆ 99.532572 ┆ 591       ┆ 100.0     ┆ … ┆ 591       ┆ 100.0     ┆ 100.0     ┆ 100.0    │
│ 160       ┆           ┆           ┆           ┆   ┆           ┆           ┆           ┆          │
│ MelSat45- ┆ 99.623495 ┆ 390       ┆ 100.0     ┆ … ┆ 390       ┆ 100.0     ┆ 99.315068 ┆ 100.0    │
│ 146       ┆           ┆           ┆           ┆   ┆           ┆           ┆           ┆          │
│ MelSat09- ┆ 96.251557 ┆ 1689      ┆ 95.745    ┆ … ┆ 1689      ┆ 97.87234  ┆ 97.87234  ┆ 100.0    │
│ 94        ┆           ┆           ┆           ┆   ┆           ┆           ┆           ┆          │
│ MelSat52- ┆ 98.784948 ┆ 787       ┆ 98.969    ┆ … ┆ 787       ┆ 100.0     ┆ 100.0     ┆ 100.0    │
│ 97        ┆           ┆           ┆           ┆   ┆           ┆           ┆           ┆          │
│ MelSat22- ┆ 99.888045 ┆ 242       ┆ 100.0     ┆ … ┆ 242       ┆ 100.0     ┆ 100.0     ┆ 100.0    │
│ 186       ┆           ┆           ┆           ┆   ┆           ┆           ┆           ┆          │
│ MelSat28- ┆ 99.471469 ┆ 493       ┆ 100.0     ┆ … ┆ 493       ┆ 100.0     ┆ 100.0     ┆ 100.0    │
│ 54        ┆           ┆           ┆           ┆   ┆           ┆           ┆           ┆          │
│ MelSat66- ┆ 99.327817 ┆ 224       ┆ 99.363    ┆ … ┆ 224       ┆ 98.742138 ┆ 98.742138 ┆ 98.74213 │
│ 159       ┆           ┆           ┆           ┆   ┆           ┆           ┆           ┆ 8        │
│ MelSat33- ┆ 98.184658 ┆ 38        ┆ 98.246    ┆ … ┆ 38        ┆ 100.0     ┆ 100.0     ┆ 100.0    │
│ 57        ┆           ┆           ┆           ┆   ┆           ┆           ┆           ┆          │
│ MelSat10- ┆ 99.599229 ┆ 3627      ┆ 100.0     ┆ … ┆ 3627      ┆ 100.0     ┆ 100.0     ┆ 100.0    │
│ 63        ┆           ┆           ┆           ┆   ┆           ┆           ┆           ┆          │
│ MelSat57- ┆ 100.0     ┆ 2         ┆ 100.0     ┆ … ┆ 2         ┆ 99.342105 ┆ 98.684211 ┆ 100.0    │
│ 76        ┆           ┆           ┆           ┆   ┆           ┆           ┆           ┆          │
│ MelSat46- ┆ 94.257558 ┆ 2517      ┆ 94.048    ┆ … ┆ 2517      ┆ 100.0     ┆ 100.0     ┆ 100.0    │
│ 84        ┆           ┆           ┆           ┆   ┆           ┆           ┆           ┆          │
│ MelSat77- ┆ 94.444    ┆ 1         ┆ 94.444    ┆ … ┆ 1         ┆ 94.736842 ┆ 94.736842 ┆ 94.73684 │
│ 20        ┆           ┆           ┆           ┆   ┆           ┆           ┆           ┆ 2        │
│ MelSat08- ┆ 98.009074 ┆ 997       ┆ 97.761    ┆ … ┆ 997       ┆ 100.0     ┆ 99.253731 ┆ 100.0    │
│ 134       ┆           ┆           ┆           ┆   ┆           ┆           ┆           ┆          │
│ MelSat71- ┆ 96.6503   ┆ 2014      ┆ 95.556    ┆ … ┆ 2014      ┆ 94.736842 ┆ 94.736842 ┆ 100.0    │
│ 95        ┆           ┆           ┆           ┆   ┆           ┆           ┆           ┆          │
│ MelSat37- ┆ 98.556273 ┆ 172       ┆ 99.363    ┆ … ┆ 172       ┆ 100.0     ┆ 100.0     ┆ 100.6369 │
│ 157       ┆           ┆           ┆           ┆   ┆           ┆           ┆           ┆ 43       │
│ MelSat16- ┆ 98.203764 ┆ 1677      ┆ 98.684    ┆ … ┆ 1677      ┆ 100.0     ┆ 100.0     ┆ 100.0    │
│ 76        ┆           ┆           ┆           ┆   ┆           ┆           ┆           ┆          │
│ MelSat79- ┆ 99.311859 ┆ 1236      ┆ 100.0     ┆ … ┆ 1236      ┆ 100.0     ┆ 100.0     ┆ 100.0    │
│ 78        ┆           ┆           ┆           ┆   ┆           ┆           ┆           ┆          │
│ MelSat69- ┆ 99.568084 ┆ 2082      ┆ 100.0     ┆ … ┆ 2082      ┆ 100.0     ┆ 100.0     ┆ 100.0    │
│ 54        ┆           ┆           ┆           ┆   ┆           ┆           ┆           ┆          │
│ MelSat25- ┆ 96.087608 ┆ 880       ┆ 95.652    ┆ … ┆ 880       ┆ 100.0     ┆ 100.0     ┆ 100.0    │
│ 69        ┆           ┆           ┆           ┆   ┆           ┆           ┆           ┆          │
│ MelSat35- ┆ 99.407721 ┆ 287       ┆ 100.0     ┆ … ┆ 287       ┆ 100.0     ┆ 98.4375   ┆ 100.0    │
│ 64        ┆           ┆           ┆           ┆   ┆           ┆           ┆           ┆          │
│ MelSat50- ┆ 97.221712 ┆ 153       ┆ 97.248    ┆ … ┆ 153       ┆ 100.0     ┆ 100.0     ┆ 100.0    │
│ 109       ┆           ┆           ┆           ┆   ┆           ┆           ┆           ┆          │
│ MelSat19- ┆ 96.750086 ┆ 374       ┆ 98.857    ┆ … ┆ 374       ┆ 100.0     ┆ 97.714286 ┆ 100.0    │
│ 175       ┆           ┆           ┆           ┆   ┆           ┆           ┆           ┆          │
│ MelSat30- ┆ 99.419999 ┆ 687       ┆ 100.0     ┆ … ┆ 687       ┆ 100.0     ┆ 100.0     ┆ 100.0    │
│ 48        ┆           ┆           ┆           ┆   ┆           ┆           ┆           ┆          │
│ MelSat42- ┆ 95.493533 ┆ 561       ┆ 94.186    ┆ … ┆ 561       ┆ 99.421965 ┆ 99.421965 ┆ 100.0    │
│ 173       ┆           ┆           ┆           ┆   ┆           ┆           ┆           ┆          │
│ MelSat63- ┆ 95.28664  ┆ 1918      ┆ 95.0      ┆ … ┆ 1918      ┆ 100.0     ┆ 96.666667 ┆ 100.0    │
│ 60        ┆           ┆           ┆           ┆   ┆           ┆           ┆           ┆          │
│ MelSat04- ┆ 98.535506 ┆ 3109      ┆ 98.876    ┆ … ┆ 3109      ┆ 100.0     ┆ 96.629213 ┆ 100.0    │
│ 89        ┆           ┆           ┆           ┆   ┆           ┆           ┆           ┆          │
│ MelSat64- ┆ 100.0     ┆ 2649      ┆ 100.0     ┆ … ┆ 2649      ┆ 100.0     ┆ 100.0     ┆ 100.0    │
│ 14        ┆           ┆           ┆           ┆   ┆           ┆           ┆           ┆          │
│ MelSat21- ┆ 98.558899 ┆ 385       ┆ 98.182    ┆ … ┆ 385       ┆ 100.0     ┆ 100.0     ┆ 100.0    │
│ 55        ┆           ┆           ┆           ┆   ┆           ┆           ┆           ┆          │
│ MelSat56- ┆ 98.176774 ┆ 460       ┆ 98.387    ┆ … ┆ 460       ┆ 100.0     ┆ 100.0     ┆ 100.0    │
│ 62        ┆           ┆           ┆           ┆   ┆           ┆           ┆           ┆          │
│ MelSat03- ┆ 98.840257 ┆ 3180      ┆ 98.851    ┆ … ┆ 3180      ┆ 100.0     ┆ 98.850575 ┆ 100.0    │
│ 87        ┆           ┆           ┆           ┆   ┆           ┆           ┆           ┆          │
│ MelSat65- ┆ 96.547725 ┆ 953       ┆ 97.006    ┆ … ┆ 953       ┆ 98.823529 ┆ 98.823529 ┆ 99.41176 │
│ 170       ┆           ┆           ┆           ┆   ┆           ┆           ┆           ┆ 5        │
│ MelSat20- ┆ 99.831688 ┆ 783       ┆ 100.0     ┆ … ┆ 783       ┆ 100.0     ┆ 97.101449 ┆ 100.0    │
│ 69        ┆           ┆           ┆           ┆   ┆           ┆           ┆           ┆          │
│ MelSat83- ┆ 97.978157 ┆ 5476      ┆ 98.266    ┆ … ┆ 5476      ┆ 100.0     ┆ 100.0     ┆ 100.0    │
│ 173       ┆           ┆           ┆           ┆   ┆           ┆           ┆           ┆          │
│ MelSat78- ┆ 99.306462 ┆ 247       ┆ 98.969    ┆ … ┆ 247       ┆ 100.0     ┆ 100.0     ┆ 100.0    │
│ 97        ┆           ┆           ┆           ┆   ┆           ┆           ┆           ┆          │
│ MelSat72- ┆ 99.509075 ┆ 186       ┆ 99.422    ┆ … ┆ 186       ┆ 100.0     ┆ 100.0     ┆ 100.0    │
│ 173       ┆           ┆           ┆           ┆   ┆           ┆           ┆           ┆          │
│ MelSat13- ┆ 98.846725 ┆ 919       ┆ 98.837    ┆ … ┆ 919       ┆ 100.0     ┆ 100.0     ┆ 100.0    │
│ 86        ┆           ┆           ┆           ┆   ┆           ┆           ┆           ┆          │
│ MelSat47- ┆ 98.176186 ┆ 424       ┆ 99.583    ┆ … ┆ 424       ┆ 100.0     ┆ 100.0     ┆ 100.0    │
│ 240       ┆           ┆           ┆           ┆   ┆           ┆           ┆           ┆          │
│ MelSat31- ┆ 98.121374 ┆ 607       ┆ 98.246    ┆ … ┆ 607       ┆ 100.0     ┆ 100.0     ┆ 100.0    │
│ 57        ┆           ┆           ┆           ┆   ┆           ┆           ┆           ┆          │
│ MelSat44- ┆ 99.818792 ┆ 538       ┆ 100.0     ┆ … ┆ 538       ┆ 100.0     ┆ 100.0     ┆ 100.0    │
│ 96        ┆           ┆           ┆           ┆   ┆           ┆           ┆           ┆          │
│ MelSat51- ┆ 95.463648 ┆ 756       ┆ 92.5      ┆ … ┆ 756       ┆ 100.0     ┆ 100.0     ┆ 100.0    │
│ 80        ┆           ┆           ┆           ┆   ┆           ┆           ┆           ┆          │
│ MelSat06- ┆ 97.006813 ┆ 1332      ┆ 97.087    ┆ … ┆ 1332      ┆ 100.0     ┆ 100.0     ┆ 100.0    │
│ 103       ┆           ┆           ┆           ┆   ┆           ┆           ┆           ┆          │
│ MelSat39- ┆ 99.139542 ┆ 308       ┆ 98.98     ┆ … ┆ 308       ┆ 100.0     ┆ 100.0     ┆ 100.0    │
│ 98        ┆           ┆           ┆           ┆   ┆           ┆           ┆           ┆          │
│ MelSat73- ┆ 99.381423 ┆ 582       ┆ 100.0     ┆ … ┆ 582       ┆ 100.0     ┆ 100.0     ┆ 100.0    │
│ 76        ┆           ┆           ┆           ┆   ┆           ┆           ┆           ┆          │
│ MelSat01- ┆ 94.328245 ┆ 1300      ┆ 94.932    ┆ … ┆ 1300      ┆ 100.0     ┆ 98.305085 ┆ 100.3389 │
│ 295       ┆           ┆           ┆           ┆   ┆           ┆           ┆           ┆ 83       │
│ MelSat38- ┆ 98.2379   ┆ 647       ┆ 98.81     ┆ … ┆ 647       ┆ 100.0     ┆ 100.0     ┆ 100.0    │
│ 86        ┆           ┆           ┆           ┆   ┆           ┆           ┆           ┆          │
│ MelSat67- ┆ 98.820844 ┆ 1053      ┆ 98.824    ┆ … ┆ 1053      ┆ 100.0     ┆ 100.0     ┆ 100.0    │
│ 85        ┆           ┆           ┆           ┆   ┆           ┆           ┆           ┆          │
│ MelSat54- ┆ 92.56296  ┆ 126       ┆ 92.857    ┆ … ┆ 126       ┆ 100.0     ┆ 100.0     ┆ 100.0    │
│ 70        ┆           ┆           ┆           ┆   ┆           ┆           ┆           ┆          │
│ MelSat74- ┆ 99.777662 ┆ 390       ┆ 100.0     ┆ … ┆ 390       ┆ 100.0     ┆ 100.0     ┆ 100.0    │
│ 97        ┆           ┆           ┆           ┆   ┆           ┆           ┆           ┆          │
│ MelSat02- ┆ 97.163424 ┆ 1615      ┆ 97.688    ┆ … ┆ 1615      ┆ 99.425287 ┆ 99.425287 ┆ 100.0    │
│ 174       ┆           ┆           ┆           ┆   ┆           ┆           ┆           ┆          │
│ MelSat55- ┆ 99.817438 ┆ 722       ┆ 100.0     ┆ … ┆ 722       ┆ 100.0     ┆ 100.0     ┆ 100.0    │
│ 69        ┆           ┆           ┆           ┆   ┆           ┆           ┆           ┆          │
│ MelSat26- ┆ 96.932062 ┆ 579       ┆ 96.825    ┆ … ┆ 579       ┆ 100.0     ┆ 100.0     ┆ 100.0    │
│ 63        ┆           ┆           ┆           ┆   ┆           ┆           ┆           ┆          │
│ MelSat43- ┆ 98.477725 ┆ 2155      ┆ 98.462    ┆ … ┆ 2155      ┆ 100.0     ┆ 100.0     ┆ 100.0    │
│ 65        ┆           ┆           ┆           ┆   ┆           ┆           ┆           ┆          │
│ MelSat23- ┆ 92.156667 ┆ 3         ┆ 93.137    ┆ … ┆ 3         ┆ 100.0     ┆ 100.0     ┆ 100.0    │
│ 204       ┆           ┆           ┆           ┆   ┆           ┆           ┆           ┆          │
└───────────┴───────────┴───────────┴───────────┴───┴───────────┴───────────┴───────────┴──────────┘
shape: (281, 7)
┌─────────────────┬──────────────┬──────────────┬───────┬─────────┬─────────┬──────────┐
│ seqnames        ┆ feature      ┆ mean         ┆ count ┆ median  ┆ 1q      ┆ 3q       │
│ ---             ┆ ---          ┆ ---          ┆ ---   ┆ ---     ┆ ---     ┆ ---      │
│ str             ┆ str          ┆ f64          ┆ u32   ┆ f64     ┆ f64     ┆ f64      │
╞═════════════════╪══════════════╪══════════════╪═══════╪═════════╪═════════╪══════════╡
│ Marev4contig106 ┆ MelSat83-173 ┆ 10351.5      ┆ 2     ┆ 10351.5 ┆ 9853.0  ┆ 10850.0  │
│ Marev4contig153 ┆ MelSat35-64  ┆ 18703.0      ┆ 1     ┆ 18703.0 ┆ 18703.0 ┆ 18703.0  │
│ Marev4contig13  ┆ MelSat12-74  ┆ 5575.0       ┆ 4     ┆ 4066.0  ┆ 1042.0  ┆ 7090.0   │
│ Marev4contig45  ┆ MelSat61-172 ┆ 20529.4      ┆ 5     ┆ 6362.0  ┆ 1553.0  ┆ 8556.0   │
│ Marev4contig88  ┆ MelSat02-174 ┆ 2781.0       ┆ 1     ┆ 2781.0  ┆ 2781.0  ┆ 2781.0   │
│ Marev4contig105 ┆ MelSat05-183 ┆ 4363.294118  ┆ 17    ┆ 2221.0  ┆ 1628.0  ┆ 3835.0   │
│ Marev4contig197 ┆ MelSat70-83  ┆ 17518.333333 ┆ 3     ┆ 20299.0 ┆ 20299.0 ┆ 20569.0  │
│ Marev4contig150 ┆ MelSat60-172 ┆ 41585.0      ┆ 1     ┆ 41585.0 ┆ 41585.0 ┆ 41585.0  │
│ Marev4contig60  ┆ MelSat60-172 ┆ 5671.0       ┆ 1     ┆ 5671.0  ┆ 5671.0  ┆ 5671.0   │
│ Marev4contig44  ┆ MelSat42-173 ┆ 34570.0      ┆ 1     ┆ 34570.0 ┆ 34570.0 ┆ 34570.0  │
│ Marev4contig127 ┆ MelSat06-103 ┆ 19126.0      ┆ 1     ┆ 19126.0 ┆ 19126.0 ┆ 19126.0  │
│ Marev4contig5   ┆ MelSat06-103 ┆ 28245.5      ┆ 2     ┆ 28245.5 ┆ 2471.0  ┆ 54020.0  │
│ Marev4contig153 ┆ MelSat04-89  ┆ 15282.666667 ┆ 3     ┆ 12637.0 ┆ 12637.0 ┆ 25292.0  │
│ Marev4contig217 ┆ MelSat04-89  ┆ 12183.0      ┆ 1     ┆ 12183.0 ┆ 12183.0 ┆ 12183.0  │
│ Marev4contig66  ┆ MelSat83-173 ┆ 22226.5      ┆ 2     ┆ 22226.5 ┆ 14870.0 ┆ 29583.0  │
│ Marev4contig112 ┆ MelSat83-173 ┆ 67150.0      ┆ 1     ┆ 67150.0 ┆ 67150.0 ┆ 67150.0  │
│ Marev4contig21  ┆ MelSat83-173 ┆ 1762.8       ┆ 5     ┆ 1555.0  ┆ 1037.0  ┆ 1727.0   │
│ Marev4contig9   ┆ MelSat83-173 ┆ 20413.0      ┆ 1     ┆ 20413.0 ┆ 20413.0 ┆ 20413.0  │
│ Marev4contig191 ┆ MelSat49-103 ┆ 1236.25      ┆ 4     ┆ 1299.0  ┆ 1162.0  ┆ 1436.0   │
│ Marev4contig75  ┆ MelSat50-109 ┆ 5608.0       ┆ 2     ┆ 5608.0  ┆ 5340.0  ┆ 5876.0   │
│ Marev4contig13  ┆ MelSat30-48  ┆ 1822.5       ┆ 2     ┆ 1822.5  ┆ 671.0   ┆ 2974.0   │
│ Marev4contig113 ┆ MelSat66-159 ┆ 36015.0      ┆ 1     ┆ 36015.0 ┆ 36015.0 ┆ 36015.0  │
│ Marev4contig105 ┆ MelSat03-87  ┆ 8814.0       ┆ 3     ┆ 2518.0  ┆ 2518.0  ┆ 22796.0  │
│ Marev4contig210 ┆ MelSat26-63  ┆ 1321.0       ┆ 1     ┆ 1321.0  ┆ 1321.0  ┆ 1321.0   │
│ Marev4contig14  ┆ MelSat10-63  ┆ 11918.75     ┆ 4     ┆ 11617.5 ┆ 1763.0  ┆ 21472.0  │
│ Marev4contig6   ┆ MelSat10-63  ┆ 7244.0       ┆ 1     ┆ 7244.0  ┆ 7244.0  ┆ 7244.0   │
│ Marev4contig112 ┆ MelSat08-134 ┆ 13284.666667 ┆ 3     ┆ 13525.0 ┆ 13525.0 ┆ 19363.0  │
│ Marev4contig2   ┆ MelSat02-174 ┆ 17905.0      ┆ 1     ┆ 17905.0 ┆ 17905.0 ┆ 17905.0  │
│ Marev4contig29  ┆ MelSat47-240 ┆ 1893.0       ┆ 1     ┆ 1893.0  ┆ 1893.0  ┆ 1893.0   │
│ Marev4contig194 ┆ MelSat60-172 ┆ 24249.0      ┆ 1     ┆ 24249.0 ┆ 24249.0 ┆ 24249.0  │
│ Marev4contig12  ┆ MelSat60-172 ┆ 29277.333333 ┆ 3     ┆ 18091.0 ┆ 18091.0 ┆ 55878.0  │
│ Marev4contig38  ┆ MelSat64-14  ┆ 23406.0      ┆ 1     ┆ 23406.0 ┆ 23406.0 ┆ 23406.0  │
│ Marev4contig15  ┆ MelSat14-95  ┆ 3598.666667  ┆ 6     ┆ 1893.5  ┆ 948.0   ┆ 4822.0   │
│ Marev4contig174 ┆ MelSat46-84  ┆ 8896.0       ┆ 1     ┆ 8896.0  ┆ 8896.0  ┆ 8896.0   │
│ Marev4contig121 ┆ MelSat25-69  ┆ 7972.0       ┆ 1     ┆ 7972.0  ┆ 7972.0  ┆ 7972.0   │
│ Marev4contig81  ┆ MelSat11-83  ┆ 1803.666667  ┆ 3     ┆ 1158.0  ┆ 1158.0  ┆ 3673.0   │
│ Marev4contig86  ┆ MelSat19-175 ┆ 1735.0       ┆ 5     ┆ 1039.0  ┆ 865.0   ┆ 1213.0   │
│ Marev4contig3   ┆ MelSat33-57  ┆ 2164.0       ┆ 1     ┆ 2164.0  ┆ 2164.0  ┆ 2164.0   │
│ Marev4contig175 ┆ MelSat51-80  ┆ 16837.0      ┆ 1     ┆ 16837.0 ┆ 16837.0 ┆ 16837.0  │
│ Marev4contig83  ┆ MelSat69-54  ┆ 8511.8       ┆ 5     ┆ 3663.0  ┆ 1381.0  ┆ 12531.0  │
│ Marev4contig161 ┆ MelSat17-233 ┆ 7456.0       ┆ 1     ┆ 7456.0  ┆ 7456.0  ┆ 7456.0   │
│ Marev4contig155 ┆ MelSat17-233 ┆ 6525.0       ┆ 2     ┆ 6525.0  ┆ 3088.0  ┆ 9962.0   │
│ Marev4contig187 ┆ MelSat17-233 ┆ 5744.0       ┆ 1     ┆ 5744.0  ┆ 5744.0  ┆ 5744.0   │
│ Marev4contig68  ┆ MelSat17-233 ┆ 6710.0       ┆ 3     ┆ 8478.0  ┆ 8478.0  ┆ 10035.0  │
│ Marev4contig156 ┆ MelSat63-60  ┆ 18502.0      ┆ 2     ┆ 18502.0 ┆ 11579.0 ┆ 25425.0  │
│ Marev4contig179 ┆ MelSat67-85  ┆ 12409.0      ┆ 1     ┆ 12409.0 ┆ 12409.0 ┆ 12409.0  │
│ Marev4contig33  ┆ MelSat18-88  ┆ 11599.5      ┆ 2     ┆ 11599.5 ┆ 1493.0  ┆ 21706.0  │
│ Marev4contig159 ┆ MelSat02-174 ┆ 19375.0      ┆ 1     ┆ 19375.0 ┆ 19375.0 ┆ 19375.0  │
│ Marev4contig121 ┆ MelSat71-95  ┆ 31120.0      ┆ 1     ┆ 31120.0 ┆ 31120.0 ┆ 31120.0  │
│ Marev4contig210 ┆ MelSat05-183 ┆ 32185.0      ┆ 1     ┆ 32185.0 ┆ 32185.0 ┆ 32185.0  │
│ Marev4contig46  ┆ MelSat75-137 ┆ 1167.333333  ┆ 3     ┆ 1213.0  ┆ 1213.0  ┆ 1620.0   │
│ Marev4contig81  ┆ MelSat70-83  ┆ 12967.0      ┆ 1     ┆ 12967.0 ┆ 12967.0 ┆ 12967.0  │
│ Marev4contig97  ┆ MelSat60-172 ┆ 20716.111111 ┆ 9     ┆ 17432.0 ┆ 9613.0  ┆ 29840.0  │
│ Marev4contig122 ┆ MelSat79-78  ┆ 934.0        ┆ 1     ┆ 934.0   ┆ 934.0   ┆ 934.0    │
│ Marev4contig210 ┆ MelSat64-14  ┆ 16748.0      ┆ 1     ┆ 16748.0 ┆ 16748.0 ┆ 16748.0  │
│ Marev4contig67  ┆ MelSat14-95  ┆ 37287.0      ┆ 1     ┆ 37287.0 ┆ 37287.0 ┆ 37287.0  │
│ Marev4contig131 ┆ MelSat46-84  ┆ 1587.0       ┆ 1     ┆ 1587.0  ┆ 1587.0  ┆ 1587.0   │
│ Marev4contig13  ┆ MelSat25-69  ┆ 2138.0       ┆ 1     ┆ 2138.0  ┆ 2138.0  ┆ 2138.0   │
│ Marev4contig174 ┆ MelSat37-157 ┆ 3931.0       ┆ 3     ┆ 3463.0  ┆ 3463.0  ┆ 6599.0   │
│ Marev4contig121 ┆ MelSat09-94  ┆ 3372.333333  ┆ 6     ┆ 1349.0  ┆ 1187.0  ┆ 4759.0   │
│ Marev4contig115 ┆ MelSat40-184 ┆ 23899.0      ┆ 2     ┆ 23899.0 ┆ 19654.0 ┆ 28144.0  │
│ Marev4contig81  ┆ MelSat49-103 ┆ 7687.333333  ┆ 3     ┆ 10326.0 ┆ 10326.0 ┆ 10568.0  │
│ Marev4contig109 ┆ MelSat43-65  ┆ 17765.0      ┆ 3     ┆ 19303.0 ┆ 19303.0 ┆ 33538.0  │
│ Marev4contig37  ┆ MelSat13-86  ┆ 7133.0       ┆ 1     ┆ 7133.0  ┆ 7133.0  ┆ 7133.0   │
│ Marev4contig155 ┆ MelSat10-63  ┆ 21967.0      ┆ 1     ┆ 21967.0 ┆ 21967.0 ┆ 21967.0  │
│ Marev4contig93  ┆ MelSat08-134 ┆ 18626.0      ┆ 2     ┆ 18626.0 ┆ 7225.0  ┆ 30027.0  │
│ Marev4contig3   ┆ MelSat31-57  ┆ 11450.0      ┆ 1     ┆ 11450.0 ┆ 11450.0 ┆ 11450.0  │
│ Marev4contig45  ┆ MelSat18-88  ┆ 15292.0      ┆ 2     ┆ 15292.0 ┆ 1581.0  ┆ 29003.0  │
│ Marev4contig161 ┆ MelSat02-174 ┆ 30277.0      ┆ 2     ┆ 30277.0 ┆ 20690.0 ┆ 39864.0  │
│ Marev4contig68  ┆ MelSat02-174 ┆ 13631.0      ┆ 1     ┆ 13631.0 ┆ 13631.0 ┆ 13631.0  │
│ Marev4contig221 ┆ MelSat05-183 ┆ 35276.0      ┆ 1     ┆ 35276.0 ┆ 35276.0 ┆ 35276.0  │
│ Marev4contig76  ┆ MelSat70-83  ┆ 11080.111111 ┆ 9     ┆ 8958.0  ┆ 2977.0  ┆ 19548.0  │
│ Marev4contig7   ┆ MelSat60-172 ┆ 17633.333333 ┆ 3     ┆ 6235.0  ┆ 6235.0  ┆ 45695.0  │
│ Marev4contig19  ┆ MelSat04-89  ┆ 18873.0      ┆ 1     ┆ 18873.0 ┆ 18873.0 ┆ 18873.0  │
│ Marev4contig146 ┆ MelSat53-85  ┆ 7773.545455  ┆ 11    ┆ 5396.0  ┆ 3045.0  ┆ 8108.0   │
│ Marev4contig111 ┆ MelSat38-86  ┆ 8933.333333  ┆ 3     ┆ 4528.0  ┆ 4528.0  ┆ 21671.0  │
│ Marev4contig159 ┆ MelSat83-173 ┆ 29580.0      ┆ 2     ┆ 29580.0 ┆ 10816.0 ┆ 48344.0  │
│ Marev4contig68  ┆ MelSat69-54  ┆ 28169.0      ┆ 1     ┆ 28169.0 ┆ 28169.0 ┆ 28169.0  │
│ Marev4contig1   ┆ MelSat17-233 ┆ 7755.0       ┆ 1     ┆ 7755.0  ┆ 7755.0  ┆ 7755.0   │
│ Marev4contig92  ┆ MelSat12-74  ┆ 31137.0      ┆ 1     ┆ 31137.0 ┆ 31137.0 ┆ 31137.0  │
│ Marev4contig10  ┆ MelSat10-63  ┆ 2729.25      ┆ 4     ┆ 1542.5  ┆ 1196.0  ┆ 1889.0   │
│ Marev4contig81  ┆ MelSat54-70  ┆ 569.769231   ┆ 13    ┆ 486.0   ┆ 415.0   ┆ 766.0    │
│ Marev4contig150 ┆ MelSat67-85  ┆ 38947.0      ┆ 1     ┆ 38947.0 ┆ 38947.0 ┆ 38947.0  │
│ Marev4contig92  ┆ MelSat71-95  ┆ 17163.25     ┆ 4     ┆ 14607.5 ┆ 8354.0  ┆ 20861.0  │
│ Marev4contig191 ┆ MelSat70-83  ┆ 5671.6       ┆ 5     ┆ 2321.0  ┆ 1327.0  ┆ 2904.0   │
│ Marev4contig61  ┆ MelSat60-172 ┆ 30785.0      ┆ 2     ┆ 30785.0 ┆ 24423.0 ┆ 37147.0  │
│ Marev4contig208 ┆ MelSat28-54  ┆ 2672.222222  ┆ 9     ┆ 470.0   ┆ 470.0   ┆ 1075.0   │
│ Marev4contig58  ┆ MelSat04-89  ┆ 6148.666667  ┆ 6     ┆ 444.0   ┆ 444.0   ┆ 1778.0   │
│ Marev4contig191 ┆ MelSat46-84  ┆ 837.0        ┆ 1     ┆ 837.0   ┆ 837.0   ┆ 837.0    │
│ Marev4contig131 ┆ MelSat11-83  ┆ 10153.0      ┆ 1     ┆ 10153.0 ┆ 10153.0 ┆ 10153.0  │
│ Marev4contig178 ┆ MelSat01-295 ┆ 16457.5      ┆ 4     ┆ 10773.0 ┆ 10294.0 ┆ 11252.0  │
│ Marev4contig134 ┆ MelSat65-170 ┆ 37807.333333 ┆ 3     ┆ 7743.0  ┆ 7743.0  ┆ 103826.0 │
│ Marev4contig237 ┆ MelSat83-173 ┆ 18220.666667 ┆ 3     ┆ 23699.0 ┆ 23699.0 ┆ 29753.0  │
│ Marev4contig186 ┆ MelSat83-173 ┆ 12275.0      ┆ 2     ┆ 12275.0 ┆ 11929.0 ┆ 12621.0  │
│ Marev4contig27  ┆ MelSat83-173 ┆ 20753.0      ┆ 1     ┆ 20753.0 ┆ 20753.0 ┆ 20753.0  │
│ Marev4contig60  ┆ MelSat80-57  ┆ 31138.0      ┆ 1     ┆ 31138.0 ┆ 31138.0 ┆ 31138.0  │
│ Marev4contig227 ┆ MelSat62-160 ┆ 13679.0      ┆ 2     ┆ 13679.0 ┆ 3679.0  ┆ 23679.0  │
│ Marev4contig161 ┆ MelSat62-160 ┆ 33486.0      ┆ 1     ┆ 33486.0 ┆ 33486.0 ┆ 33486.0  │
│ Marev4contig175 ┆ MelSat10-63  ┆ 8145.0       ┆ 2     ┆ 8145.0  ┆ 309.0   ┆ 15981.0  │
│ Marev4contig40  ┆ MelSat41-175 ┆ 32730.0      ┆ 1     ┆ 32730.0 ┆ 32730.0 ┆ 32730.0  │
│ Marev4contig111 ┆ MelSat41-175 ┆ 38575.25     ┆ 4     ┆ 46719.5 ┆ 40785.0 ┆ 52654.0  │
│ Marev4contig109 ┆ MelSat22-186 ┆ 45713.0      ┆ 1     ┆ 45713.0 ┆ 45713.0 ┆ 45713.0  │
│ Marev4contig60  ┆ MelSat67-85  ┆ 13195.5      ┆ 2     ┆ 13195.5 ┆ 9287.0  ┆ 17104.0  │
│ Marev4contig78  ┆ MelSat18-88  ┆ 9408.0       ┆ 1     ┆ 9408.0  ┆ 9408.0  ┆ 9408.0   │
│ Marev4contig77  ┆ MelSat02-174 ┆ 26061.666667 ┆ 3     ┆ 26505.0 ┆ 26505.0 ┆ 31154.0  │
│ Marev4contig232 ┆ MelSat07-80  ┆ 22223.0      ┆ 2     ┆ 22223.0 ┆ 8737.0  ┆ 35709.0  │
│ Marev4contig239 ┆ MelSat60-172 ┆ 27853.0      ┆ 1     ┆ 27853.0 ┆ 27853.0 ┆ 27853.0  │
│ Marev4contig76  ┆ MelSat46-84  ┆ 12023.5      ┆ 4     ┆ 9291.0  ┆ 5736.0  ┆ 12846.0  │
│ Marev4contig40  ┆ MelSat25-69  ┆ 22335.0      ┆ 1     ┆ 22335.0 ┆ 22335.0 ┆ 22335.0  │
│ Marev4contig24  ┆ MelSat53-85  ┆ 30585.5      ┆ 2     ┆ 30585.5 ┆ 21375.0 ┆ 39796.0  │
│ Marev4contig154 ┆ MelSat52-97  ┆ 31321.0      ┆ 1     ┆ 31321.0 ┆ 31321.0 ┆ 31321.0  │
│ Marev4contig83  ┆ MelSat01-295 ┆ 7363.0       ┆ 1     ┆ 7363.0  ┆ 7363.0  ┆ 7363.0   │
│ Marev4contig3   ┆ MelSat73-76  ┆ 14813.666667 ┆ 3     ┆ 19153.0 ┆ 19153.0 ┆ 22861.0  │
│ Marev4contig116 ┆ MelSat83-173 ┆ 15398.75     ┆ 8     ┆ 6705.5  ┆ 5013.0  ┆ 11925.0  │
│ Marev4contig82  ┆ MelSat83-173 ┆ 15817.0      ┆ 1     ┆ 15817.0 ┆ 15817.0 ┆ 15817.0  │
│ Marev4contig217 ┆ MelSat80-57  ┆ 37220.0      ┆ 1     ┆ 37220.0 ┆ 37220.0 ┆ 37220.0  │
│ Marev4contig183 ┆ MelSat69-54  ┆ 10691.0      ┆ 4     ┆ 10445.5 ┆ 4858.0  ┆ 16033.0  │
│ Marev4contig144 ┆ MelSat03-87  ┆ 20638.0      ┆ 1     ┆ 20638.0 ┆ 20638.0 ┆ 20638.0  │
│ Marev4contig138 ┆ MelSat03-87  ┆ 10135.666667 ┆ 3     ┆ 8322.0  ┆ 8322.0  ┆ 14789.0  │
│ Marev4contig146 ┆ MelSat03-87  ┆ 1380.0       ┆ 7     ┆ 1817.0  ┆ 425.0   ┆ 2157.0   │
│ Marev4contig174 ┆ MelSat63-60  ┆ 5673.0       ┆ 4     ┆ 1134.0  ┆ 414.0   ┆ 1854.0   │
│ Marev4contig24  ┆ MelSat08-134 ┆ 44380.0      ┆ 1     ┆ 44380.0 ┆ 44380.0 ┆ 44380.0  │
│ Marev4contig36  ┆ MelSat02-174 ┆ 29184.0      ┆ 1     ┆ 29184.0 ┆ 29184.0 ┆ 29184.0  │
│ Marev4contig146 ┆ MelSat16-76  ┆ 49188.0      ┆ 1     ┆ 49188.0 ┆ 49188.0 ┆ 49188.0  │
│ Marev4contig17  ┆ MelSat42-173 ┆ 31358.0      ┆ 2     ┆ 31358.0 ┆ 7432.0  ┆ 55284.0  │
│ Marev4contig137 ┆ MelSat79-78  ┆ 2740.714286  ┆ 7     ┆ 1435.0  ┆ 1247.0  ┆ 4627.0   │
│ Marev4contig81  ┆ MelSat46-84  ┆ 14757.0      ┆ 1     ┆ 14757.0 ┆ 14757.0 ┆ 14757.0  │
│ Marev4contig117 ┆ MelSat11-83  ┆ 9389.0       ┆ 2     ┆ 9389.0  ┆ 3533.0  ┆ 15245.0  │
│ Marev4contig93  ┆ MelSat53-85  ┆ 7470.0       ┆ 2     ┆ 7470.0  ┆ 3312.0  ┆ 11628.0  │
│ Marev4contig3   ┆ MelSat19-175 ┆ 8825.0       ┆ 1     ┆ 8825.0  ┆ 8825.0  ┆ 8825.0   │
│ Marev4contig3   ┆ MelSat38-86  ┆ 31953.0      ┆ 1     ┆ 31953.0 ┆ 31953.0 ┆ 31953.0  │
│ Marev4contig203 ┆ MelSat83-173 ┆ 4720.75      ┆ 4     ┆ 2603.0  ┆ 2603.0  ┆ 2603.0   │
│ Marev4contig157 ┆ MelSat83-173 ┆ 19616.666667 ┆ 3     ┆ 8462.0  ┆ 8462.0  ┆ 46083.0  │
│ Marev4contig93  ┆ MelSat24-104 ┆ 7371.25      ┆ 4     ┆ 6710.0  ┆ 2911.0  ┆ 10509.0  │
│ Marev4contig223 ┆ MelSat03-87  ┆ 1739.0       ┆ 1     ┆ 1739.0  ┆ 1739.0  ┆ 1739.0   │
│ Marev4contig112 ┆ MelSat17-233 ┆ 6459.0       ┆ 1     ┆ 6459.0  ┆ 6459.0  ┆ 6459.0   │
│ Marev4contig131 ┆ MelSat63-60  ┆ 5758.625     ┆ 8     ┆ 469.0   ┆ 358.0   ┆ 838.0    │
│ Marev4contig127 ┆ MelSat45-146 ┆ 14231.0      ┆ 4     ┆ 9652.0  ┆ 9238.0  ┆ 10066.0  │
│ Marev4contig112 ┆ MelSat05-183 ┆ 7371.0       ┆ 2     ┆ 7371.0  ┆ 953.0   ┆ 13789.0  │
│ Marev4contig162 ┆ MelSat70-83  ┆ 9639.6       ┆ 5     ┆ 6754.0  ┆ 1884.0  ┆ 18822.0  │
│ Marev4contig143 ┆ MelSat60-172 ┆ 36830.0      ┆ 3     ┆ 23213.0 ┆ 23213.0 ┆ 73166.0  │
│ Marev4contig31  ┆ MelSat79-78  ┆ 24588.0      ┆ 1     ┆ 24588.0 ┆ 24588.0 ┆ 24588.0  │
│ Marev4contig58  ┆ MelSat14-95  ┆ 15100.0      ┆ 1     ┆ 15100.0 ┆ 15100.0 ┆ 15100.0  │
│ Marev4contig207 ┆ MelSat46-84  ┆ 10343.0      ┆ 3     ┆ 12808.0 ┆ 12808.0 ┆ 14656.0  │
│ Marev4contig92  ┆ MelSat25-69  ┆ 2032.0       ┆ 2     ┆ 2032.0  ┆ 413.0   ┆ 3651.0   │
│ Marev4contig1   ┆ MelSat25-69  ┆ 11716.0      ┆ 1     ┆ 11716.0 ┆ 11716.0 ┆ 11716.0  │
│ Marev4contig207 ┆ MelSat11-83  ┆ 2266.5       ┆ 2     ┆ 2266.5  ┆ 496.0   ┆ 4037.0   │
│ Marev4contig3   ┆ MelSat39-98  ┆ 15156.5      ┆ 2     ┆ 15156.5 ┆ 5057.0  ┆ 25256.0  │
│ Marev4contig46  ┆ MelSat52-97  ┆ 14107.0      ┆ 1     ┆ 14107.0 ┆ 14107.0 ┆ 14107.0  │
│ Marev4contig13  ┆ MelSat09-94  ┆ 11393.5      ┆ 2     ┆ 11393.5 ┆ 5510.0  ┆ 17277.0  │
│ Marev4contig106 ┆ MelSat76-170 ┆ 1437.090909  ┆ 11    ┆ 1173.0  ┆ 1005.0  ┆ 2034.0   │
│ Marev4contig139 ┆ MelSat83-173 ┆ 1209.909091  ┆ 11    ┆ 1210.0  ┆ 1037.0  ┆ 1383.0   │
│ Marev4contig228 ┆ MelSat83-173 ┆ 15223.0      ┆ 1     ┆ 15223.0 ┆ 15223.0 ┆ 15223.0  │
│ Marev4contig184 ┆ MelSat83-173 ┆ 11727.0      ┆ 8     ┆ 4703.5  ┆ 2073.0  ┆ 6735.0   │
│ Marev4contig109 ┆ MelSat74-97  ┆ 15030.0      ┆ 1     ┆ 15030.0 ┆ 15030.0 ┆ 15030.0  │
│ Marev4contig111 ┆ MelSat30-48  ┆ 2253.0       ┆ 1     ┆ 2253.0  ┆ 2253.0  ┆ 2253.0   │
│ Marev4contig131 ┆ MelSat26-63  ┆ 11697.5      ┆ 2     ┆ 11697.5 ┆ 5724.0  ┆ 17671.0  │
│ Marev4contig108 ┆ MelSat15-162 ┆ 20065.0      ┆ 1     ┆ 20065.0 ┆ 20065.0 ┆ 20065.0  │
│ Marev4contig208 ┆ MelSat13-86  ┆ 14562.4      ┆ 5     ┆ 2010.0  ┆ 1451.0  ┆ 31632.0  │
│ Marev4contig40  ┆ MelSat31-57  ┆ 2898.0       ┆ 2     ┆ 2898.0  ┆ 569.0   ┆ 5227.0   │
│ Marev4contig3   ┆ MelSat02-174 ┆ 12329.0      ┆ 1     ┆ 12329.0 ┆ 12329.0 ┆ 12329.0  │
│ Marev4contig24  ┆ MelSat16-76  ┆ 8482.0       ┆ 3     ┆ 2051.0  ┆ 2051.0  ┆ 21537.0  │
│ Marev4contig96  ┆ MelSat14-95  ┆ 2901.214286  ┆ 28    ┆ 756.0   ┆ 474.0   ┆ 1611.0   │
│ Marev4contig104 ┆ MelSat20-69  ┆ 16188.0      ┆ 2     ┆ 16188.0 ┆ 14083.0 ┆ 18293.0  │
│ Marev4contig153 ┆ MelSat06-103 ┆ 3087.0       ┆ 1     ┆ 3087.0  ┆ 3087.0  ┆ 3087.0   │
│ Marev4contig169 ┆ MelSat06-103 ┆ 468.0        ┆ 1     ┆ 468.0   ┆ 468.0   ┆ 468.0    │
│ Marev4contig162 ┆ MelSat04-89  ┆ 18456.25     ┆ 4     ┆ 15979.0 ┆ 11386.0 ┆ 20572.0  │
│ Marev4contig193 ┆ MelSat46-84  ┆ 4735.2       ┆ 5     ┆ 4768.0  ┆ 2537.0  ┆ 4776.0   │
│ Marev4contig141 ┆ MelSat01-295 ┆ 27275.0      ┆ 1     ┆ 27275.0 ┆ 27275.0 ┆ 27275.0  │
│ Marev4contig75  ┆ MelSat51-80  ┆ 11553.0      ┆ 1     ┆ 11553.0 ┆ 11553.0 ┆ 11553.0  │
│ Marev4contig15  ┆ MelSat83-173 ┆ 15507.25     ┆ 4     ┆ 17038.0 ┆ 14182.0 ┆ 19894.0  │
│ Marev4contig41  ┆ MelSat83-173 ┆ 24781.5      ┆ 2     ┆ 24781.5 ┆ 4305.0  ┆ 45258.0  │
│ Marev4contig115 ┆ MelSat03-87  ┆ 7858.75      ┆ 4     ┆ 6519.0  ┆ 4332.0  ┆ 8706.0   │
│ Marev4contig93  ┆ MelSat17-233 ┆ 31366.0      ┆ 1     ┆ 31366.0 ┆ 31366.0 ┆ 31366.0  │
│ Marev4contig14  ┆ MelSat63-60  ┆ 5726.0       ┆ 2     ┆ 5726.0  ┆ 1299.0  ┆ 10153.0  │
│ Marev4contig10  ┆ MelSat16-76  ┆ 1199.0       ┆ 1     ┆ 1199.0  ┆ 1199.0  ┆ 1199.0   │
│ Marev4contig109 ┆ MelSat79-78  ┆ 13219.0      ┆ 1     ┆ 13219.0 ┆ 13219.0 ┆ 13219.0  │
│ Marev4contig124 ┆ MelSat20-69  ┆ 22517.0      ┆ 1     ┆ 22517.0 ┆ 22517.0 ┆ 22517.0  │
│ Marev4contig47  ┆ MelSat56-62  ┆ 12360.5      ┆ 2     ┆ 12360.5 ┆ 5498.0  ┆ 19223.0  │
│ Marev4contig96  ┆ MelSat04-89  ┆ 14230.166667 ┆ 6     ┆ 12503.5 ┆ 6536.0  ┆ 19754.0  │
│ Marev4contig86  ┆ MelSat04-89  ┆ 2313.5       ┆ 2     ┆ 2313.5  ┆ 533.0   ┆ 4094.0   │
│ Marev4contig105 ┆ MelSat49-103 ┆ 1012.666667  ┆ 6     ┆ 990.5   ┆ 617.0   ┆ 1436.0   │
│ Marev4contig92  ┆ MelSat30-48  ┆ 13667.0      ┆ 2     ┆ 13667.0 ┆ 2831.0  ┆ 24503.0  │
│ Marev4contig216 ┆ MelSat17-233 ┆ 6445.0       ┆ 2     ┆ 6445.0  ┆ 2693.0  ┆ 10197.0  │
│ Marev4contig240 ┆ MelSat17-233 ┆ 4010.0       ┆ 1     ┆ 4010.0  ┆ 4010.0  ┆ 4010.0   │
│ Marev4contig117 ┆ MelSat26-63  ┆ 3984.666667  ┆ 3     ┆ 1258.0  ┆ 1258.0  ┆ 10262.0  │
│ Marev4contig134 ┆ MelSat10-63  ┆ 11860.666667 ┆ 6     ┆ 10958.5 ┆ 1700.0  ┆ 19326.0  │
│ Marev4contig82  ┆ MelSat61-172 ┆ 9575.0       ┆ 1     ┆ 9575.0  ┆ 9575.0  ┆ 9575.0   │
│ Marev4contig174 ┆ MelSat05-183 ┆ 37879.0      ┆ 1     ┆ 37879.0 ┆ 37879.0 ┆ 37879.0  │
│ Marev4contig58  ┆ MelSat07-80  ┆ 6431.285714  ┆ 7     ┆ 2233.0  ┆ 1599.0  ┆ 3031.0   │
│ Marev4contig122 ┆ MelSat07-80  ┆ 20217.0      ┆ 1     ┆ 20217.0 ┆ 20217.0 ┆ 20217.0  │
│ Marev4contig25  ┆ MelSat47-240 ┆ 16509.5      ┆ 2     ┆ 16509.5 ┆ 4514.0  ┆ 28505.0  │
│ Marev4contig101 ┆ MelSat60-172 ┆ 16415.5      ┆ 2     ┆ 16415.5 ┆ 10302.0 ┆ 22529.0  │
│ Marev4contig24  ┆ MelSat78-97  ┆ 8057.0       ┆ 3     ┆ 5712.0  ┆ 5712.0  ┆ 16714.0  │
│ Marev4contig17  ┆ MelSat06-103 ┆ 468.0        ┆ 1     ┆ 468.0   ┆ 468.0   ┆ 468.0    │
│ Marev4contig81  ┆ MelSat06-103 ┆ 10899.0      ┆ 3     ┆ 5853.0  ┆ 5853.0  ┆ 25183.0  │
│ Marev4contig175 ┆ MelSat11-83  ┆ 49759.0      ┆ 1     ┆ 49759.0 ┆ 49759.0 ┆ 49759.0  │
│ Marev4contig109 ┆ MelSat48-90  ┆ 24590.0      ┆ 1     ┆ 24590.0 ┆ 24590.0 ┆ 24590.0  │
│ Marev4contig217 ┆ MelSat01-295 ┆ 7110.285714  ┆ 7     ┆ 2601.0  ┆ 2312.0  ┆ 11607.0  │
│ Marev4contig149 ┆ MelSat01-295 ┆ 43758.0      ┆ 1     ┆ 43758.0 ┆ 43758.0 ┆ 43758.0  │
│ Marev4contig3   ┆ MelSat09-94  ┆ 38877.0      ┆ 1     ┆ 38877.0 ┆ 38877.0 ┆ 38877.0  │
│ Marev4contig3   ┆ MelSat68-173 ┆ 54299.0      ┆ 1     ┆ 54299.0 ┆ 54299.0 ┆ 54299.0  │
│ Marev4contig200 ┆ MelSat03-87  ┆ 4303.5       ┆ 8     ┆ 2338.0  ┆ 1179.0  ┆ 3096.0   │
│ Marev4contig81  ┆ MelSat03-87  ┆ 7698.571429  ┆ 7     ┆ 2602.0  ┆ 1913.0  ┆ 10815.0  │
│ Marev4contig121 ┆ MelSat31-57  ┆ 2858.5       ┆ 6     ┆ 1766.0  ┆ 1310.0  ┆ 4046.0   │
│ Marev4contig131 ┆ MelSat05-183 ┆ 19197.333333 ┆ 3     ┆ 4754.0  ┆ 4754.0  ┆ 50828.0  │
│ Marev4contig214 ┆ MelSat05-183 ┆ 14116.166667 ┆ 6     ┆ 4115.5  ┆ 1463.0  ┆ 21233.0  │
│ Marev4contig2   ┆ MelSat47-240 ┆ 29758.0      ┆ 1     ┆ 29758.0 ┆ 29758.0 ┆ 29758.0  │
│ Marev4contig93  ┆ MelSat16-76  ┆ 11842.0      ┆ 1     ┆ 11842.0 ┆ 11842.0 ┆ 11842.0  │
│ Marev4contig131 ┆ MelSat64-14  ┆ 1152.0       ┆ 1     ┆ 1152.0  ┆ 1152.0  ┆ 1152.0   │
│ Marev4contig221 ┆ MelSat37-157 ┆ 1019.5       ┆ 2     ┆ 1019.5  ┆ 629.0   ┆ 1410.0   │
│ Marev4contig112 ┆ MelSat51-80  ┆ 10191.5      ┆ 2     ┆ 10191.5 ┆ 5258.0  ┆ 15125.0  │
│ Marev4contig42  ┆ MelSat83-173 ┆ 13025.4      ┆ 5     ┆ 7773.0  ┆ 5870.0  ┆ 18848.0  │
│ Marev4contig117 ┆ MelSat50-109 ┆ 5107.0       ┆ 1     ┆ 5107.0  ┆ 5107.0  ┆ 5107.0   │
│ Marev4contig77  ┆ MelSat62-160 ┆ 33916.0      ┆ 1     ┆ 33916.0 ┆ 33916.0 ┆ 33916.0  │
│ Marev4contig97  ┆ MelSat72-173 ┆ 31657.0      ┆ 1     ┆ 31657.0 ┆ 31657.0 ┆ 31657.0  │
│ Marev4contig7   ┆ MelSat15-162 ┆ 4235.0       ┆ 7     ┆ 1123.0  ┆ 1037.0  ┆ 11333.0  │
│ Marev4contig115 ┆ MelSat02-174 ┆ 17553.0      ┆ 1     ┆ 17553.0 ┆ 17553.0 ┆ 17553.0  │
│ Marev4contig3   ┆ MelSat21-55  ┆ 11172.5      ┆ 2     ┆ 11172.5 ┆ 8086.0  ┆ 14259.0  │
│ Marev4contig75  ┆ MelSat05-183 ┆ 20605.0      ┆ 3     ┆ 24661.0 ┆ 24661.0 ┆ 28179.0  │
│ Marev4contig46  ┆ MelSat07-80  ┆ 6978.0       ┆ 9     ┆ 2739.0  ┆ 1599.0  ┆ 5213.0   │
│ Marev4contig86  ┆ MelSat07-80  ┆ 31685.5      ┆ 2     ┆ 31685.5 ┆ 11533.0 ┆ 51838.0  │
│ Marev4contig154 ┆ MelSat75-137 ┆ 13782.0      ┆ 1     ┆ 13782.0 ┆ 13782.0 ┆ 13782.0  │
│ Marev4contig189 ┆ MelSat60-172 ┆ 16342.0      ┆ 2     ┆ 16342.0 ┆ 9291.0  ┆ 23393.0  │
│ Marev4contig75  ┆ MelSat11-83  ┆ 13258.0      ┆ 1     ┆ 13258.0 ┆ 13258.0 ┆ 13258.0  │
│ Marev4contig7   ┆ MelSat44-96  ┆ 17786.0      ┆ 3     ┆ 13157.0 ┆ 13157.0 ┆ 38011.0  │
│ Marev4contig168 ┆ MelSat52-97  ┆ 21328.0      ┆ 2     ┆ 21328.0 ┆ 3996.0  ┆ 38660.0  │
│ Marev4contig92  ┆ MelSat09-94  ┆ 15739.5      ┆ 2     ┆ 15739.5 ┆ 749.0   ┆ 30730.0  │
│ Marev4contig82  ┆ MelSat76-170 ┆ 1736.555556  ┆ 9     ┆ 1340.0  ┆ 1172.0  ┆ 2183.0   │
│ Marev4contig97  ┆ MelSat76-170 ┆ 19670.0      ┆ 1     ┆ 19670.0 ┆ 19670.0 ┆ 19670.0  │
│ Marev4contig105 ┆ MelSat51-80  ┆ 13667.0      ┆ 1     ┆ 13667.0 ┆ 13667.0 ┆ 13667.0  │
│ Marev4contig244 ┆ MelSat83-173 ┆ 12620.0      ┆ 1     ┆ 12620.0 ┆ 12620.0 ┆ 12620.0  │
│ Marev4contig43  ┆ MelSat83-173 ┆ 15497.5      ┆ 2     ┆ 15497.5 ┆ 14919.0 ┆ 16076.0  │
│ Marev4contig29  ┆ MelSat83-173 ┆ 32104.5      ┆ 2     ┆ 32104.5 ┆ 4511.0  ┆ 59698.0  │
│ Marev4contig137 ┆ MelSat74-97  ┆ 7632.333333  ┆ 3     ┆ 9132.0  ┆ 9132.0  ┆ 13184.0  │
│ Marev4contig81  ┆ MelSat24-104 ┆ 1975.0       ┆ 3     ┆ 2413.0  ┆ 2413.0  ┆ 2585.0   │
│ Marev4contig191 ┆ MelSat03-87  ┆ 15968.6      ┆ 5     ┆ 24426.0 ┆ 2518.0  ┆ 25662.0  │
│ Marev4contig79  ┆ MelSat17-233 ┆ 5606.0       ┆ 1     ┆ 5606.0  ┆ 5606.0  ┆ 5606.0   │
│ Marev4contig172 ┆ MelSat55-69  ┆ 16781.666667 ┆ 3     ┆ 5048.0  ┆ 5048.0  ┆ 43159.0  │
│ Marev4contig6   ┆ MelSat15-162 ┆ 21259.0      ┆ 1     ┆ 21259.0 ┆ 21259.0 ┆ 21259.0  │
│ Marev4contig169 ┆ MelSat15-162 ┆ 28656.0      ┆ 1     ┆ 28656.0 ┆ 28656.0 ┆ 28656.0  │
│ Marev4contig31  ┆ MelSat43-65  ┆ 18841.0      ┆ 1     ┆ 18841.0 ┆ 18841.0 ┆ 18841.0  │
│ Marev4contig242 ┆ MelSat10-63  ┆ 27119.5      ┆ 2     ┆ 27119.5 ┆ 26937.0 ┆ 27302.0  │
│ Marev4contig21  ┆ MelSat54-70  ┆ 1112.0       ┆ 1     ┆ 1112.0  ┆ 1112.0  ┆ 1112.0   │
│ Marev4contig172 ┆ MelSat05-183 ┆ 18453.5      ┆ 2     ┆ 18453.5 ┆ 1981.0  ┆ 34926.0  │
│ Marev4contig134 ┆ MelSat60-172 ┆ 22822.8      ┆ 5     ┆ 17111.0 ┆ 5846.0  ┆ 33651.0  │
│ Marev4contig199 ┆ MelSat60-172 ┆ 2925.0       ┆ 1     ┆ 2925.0  ┆ 2925.0  ┆ 2925.0   │
│ Marev4contig216 ┆ MelSat60-172 ┆ 64971.0      ┆ 1     ┆ 64971.0 ┆ 64971.0 ┆ 64971.0  │
│ Marev4contig104 ┆ MelSat16-76  ┆ 17970.5      ┆ 2     ┆ 17970.5 ┆ 5395.0  ┆ 30546.0  │
│ Marev4contig93  ┆ MelSat28-54  ┆ 648.0        ┆ 13    ┆ 396.0   ┆ 278.0   ┆ 705.0    │
│ Marev4contig108 ┆ MelSat06-103 ┆ 469.0        ┆ 1     ┆ 469.0   ┆ 469.0   ┆ 469.0    │
│ Marev4contig18  ┆ MelSat46-84  ┆ 17252.0      ┆ 2     ┆ 17252.0 ┆ 14600.0 ┆ 19904.0  │
│ Marev4contig68  ┆ MelSat19-175 ┆ 47613.0      ┆ 1     ┆ 47613.0 ┆ 47613.0 ┆ 47613.0  │
│ Marev4contig14  ┆ MelSat37-157 ┆ 6135.0       ┆ 2     ┆ 6135.0  ┆ 3305.0  ┆ 8965.0   │
│ Marev4contig111 ┆ MelSat09-94  ┆ 4734.818182  ┆ 11    ┆ 1313.0  ┆ 929.0   ┆ 7525.0   │
│ Marev4contig155 ┆ MelSat65-170 ┆ 28965.0      ┆ 1     ┆ 28965.0 ┆ 28965.0 ┆ 28965.0  │
│ Marev4contig137 ┆ MelSat43-65  ┆ 8562.875     ┆ 8     ┆ 3442.0  ┆ 2488.0  ┆ 15628.0  │
│ Marev4contig76  ┆ MelSat08-134 ┆ 3985.0       ┆ 3     ┆ 2537.0  ┆ 2537.0  ┆ 7826.0   │
│ Marev4contig21  ┆ MelSat67-85  ┆ 13259.0      ┆ 1     ┆ 13259.0 ┆ 13259.0 ┆ 13259.0  │
│ Marev4contig100 ┆ MelSat02-174 ┆ 27191.0      ┆ 1     ┆ 27191.0 ┆ 27191.0 ┆ 27191.0  │
│ Marev4contig76  ┆ MelSat05-183 ┆ 1385.0       ┆ 1     ┆ 1385.0  ┆ 1385.0  ┆ 1385.0   │
│ Marev4contig124 ┆ MelSat16-76  ┆ 6685.0       ┆ 1     ┆ 6685.0  ┆ 6685.0  ┆ 6685.0   │
│ Marev4contig26  ┆ MelSat79-78  ┆ 10385.0      ┆ 4     ┆ 7109.5  ┆ 5461.0  ┆ 8758.0   │
│ Marev4contig56  ┆ MelSat56-62  ┆ 3711.0       ┆ 1     ┆ 3711.0  ┆ 3711.0  ┆ 3711.0   │
│ Marev4contig3   ┆ MelSat25-69  ┆ 12695.0      ┆ 1     ┆ 12695.0 ┆ 12695.0 ┆ 12695.0  │
│ Marev4contig161 ┆ MelSat65-170 ┆ 9176.0       ┆ 1     ┆ 9176.0  ┆ 9176.0  ┆ 9176.0   │
│ Marev4contig227 ┆ MelSat65-170 ┆ 9850.0       ┆ 1     ┆ 9850.0  ┆ 9850.0  ┆ 9850.0   │
│ Marev4contig3   ┆ MelSat12-74  ┆ 10666.333333 ┆ 3     ┆ 8235.0  ┆ 8235.0  ┆ 21679.0  │
│ Marev4contig17  ┆ MelSat15-162 ┆ 27861.0      ┆ 1     ┆ 27861.0 ┆ 27861.0 ┆ 27861.0  │
│ Marev4contig106 ┆ MelSat61-172 ┆ 8286.0       ┆ 2     ┆ 8286.0  ┆ 6655.0  ┆ 9917.0   │
│ Marev4contig171 ┆ MelSat61-172 ┆ 50433.0      ┆ 1     ┆ 50433.0 ┆ 50433.0 ┆ 50433.0  │
│ Marev4contig13  ┆ MelSat71-95  ┆ 23238.25     ┆ 4     ┆ 27063.0 ┆ 25499.0 ┆ 28627.0  │
│ Marev4contig89  ┆ MelSat75-137 ┆ 28561.0      ┆ 1     ┆ 28561.0 ┆ 28561.0 ┆ 28561.0  │
│ Marev4contig229 ┆ MelSat70-83  ┆ 11199.4      ┆ 5     ┆ 13027.0 ┆ 6920.0  ┆ 15505.0  │
│ Marev4contig26  ┆ MelSat47-240 ┆ 7049.666667  ┆ 6     ┆ 2108.0  ┆ 1439.0  ┆ 2543.0   │
│ Marev4contig139 ┆ MelSat60-172 ┆ 12230.833333 ┆ 12    ┆ 3078.0  ┆ 1545.0  ┆ 18902.0  │
│ Marev4contig3   ┆ MelSat06-103 ┆ 25639.0      ┆ 1     ┆ 25639.0 ┆ 25639.0 ┆ 25639.0  │
│ Marev4contig105 ┆ MelSat46-84  ┆ 10730.2      ┆ 5     ┆ 3850.0  ┆ 1762.0  ┆ 13024.0  │
│ Marev4contig86  ┆ MelSat46-84  ┆ 3937.0       ┆ 1     ┆ 3937.0  ┆ 3937.0  ┆ 3937.0   │
│ Marev4contig193 ┆ MelSat11-83  ┆ 21236.666667 ┆ 3     ┆ 29309.0 ┆ 29309.0 ┆ 33240.0  │
│ Marev4contig205 ┆ MelSat01-295 ┆ 67051.666667 ┆ 3     ┆ 21981.0 ┆ 21981.0 ┆ 158841.0 │
└─────────────────┴──────────────┴──────────────┴───────┴─────────┴─────────┴──────────┘
Blast command:['python3', './eusatxplor/blast.py', './sats.fasta', './input.fasta']
